2018-06-05 17:18:09.940 ERROR com.alibaba.druid.filter.stat.StatFilter - merge sql error, dbType mysql, sql : 
select  
		 
		xi_resume.*
		
	 , xi_position.*, xi_student.*,
		c_accountId, c_name, c_addr, c_type, c_contact, c_contactPos, c_contactPhone, c_avatar, c_phone, c_industry, c_link, c_logo, c_verified
	 
		from  
		xi_resume
		inner join xi_student on xi_resume.r_stuId = xi_student.s_id
		inner join xi_position on xi_resume.r_positionId = xi_position.p_id
		inner join xi_company on xi_position.p_companyId = xi_company.c_id
	 
		 
		 where r_offerTime < ? and
			
				(r_endTime is null on r_endTime >= ?)  
	 
		 
		order by r_id DESC
com.alibaba.druid.sql.parser.ParserException: syntax error, expect RPAREN, actual ON on
	at com.alibaba.druid.sql.parser.SQLExprParser.accept(SQLExprParser.java:1730)
	at com.alibaba.druid.sql.parser.SQLExprParser.primary(SQLExprParser.java:213)
	at com.alibaba.druid.sql.dialect.mysql.parser.MySqlExprParser.primary(MySqlExprParser.java:167)
	at com.alibaba.druid.sql.parser.SQLExprParser.bitXor(SQLExprParser.java:120)
	at com.alibaba.druid.sql.parser.SQLExprParser.multiplicative(SQLExprParser.java:157)
	at com.alibaba.druid.sql.parser.SQLExprParser.additive(SQLExprParser.java:1246)
	at com.alibaba.druid.sql.parser.SQLExprParser.shift(SQLExprParser.java:1274)
	at com.alibaba.druid.sql.parser.SQLExprParser.bitAnd(SQLExprParser.java:1152)
	at com.alibaba.druid.sql.parser.SQLExprParser.bitOr(SQLExprParser.java:1166)
	at com.alibaba.druid.sql.parser.SQLExprParser.equality(SQLExprParser.java:1181)
	at com.alibaba.druid.sql.parser.SQLExprParser.relational(SQLExprParser.java:1353)
	at com.alibaba.druid.sql.parser.SQLExprParser.andRest(SQLExprParser.java:1311)
	at com.alibaba.druid.sql.parser.SQLExprParser.exprRest(SQLExprParser.java:113)
	at com.alibaba.druid.sql.parser.SQLExprParser.expr(SQLExprParser.java:100)
	at com.alibaba.druid.sql.parser.SQLSelectParser.expr(SQLSelectParser.java:527)
	at com.alibaba.druid.sql.parser.SQLSelectParser.parseWhere(SQLSelectParser.java:247)
	at com.alibaba.druid.sql.dialect.mysql.parser.MySqlSelectParser.query(MySqlSelectParser.java:160)
	at com.alibaba.druid.sql.parser.SQLSelectParser.select(SQLSelectParser.java:62)
	at com.alibaba.druid.sql.dialect.mysql.parser.MySqlStatementParser.parseSelect(MySqlStatementParser.java:237)
	at com.alibaba.druid.sql.parser.SQLStatementParser.parseStatementList(SQLStatementParser.java:183)
	at com.alibaba.druid.sql.parser.SQLStatementParser.parseStatementList(SQLStatementParser.java:148)
	at com.alibaba.druid.sql.parser.SQLStatementParser.parseStatementList(SQLStatementParser.java:143)
	at com.alibaba.druid.sql.visitor.ParameterizedOutputVisitorUtils.parameterize(ParameterizedOutputVisitorUtils.java:54)
	at com.alibaba.druid.filter.stat.StatFilter.mergeSql(StatFilter.java:145)
	at com.alibaba.druid.filter.stat.StatFilter.createSqlStat(StatFilter.java:630)
	at com.alibaba.druid.filter.stat.StatFilter.statementPrepareAfter(StatFilter.java:305)
	at com.alibaba.druid.filter.FilterEventAdapter.connection_prepareStatement(FilterEventAdapter.java:124)
	at com.alibaba.druid.filter.FilterChainImpl.connection_prepareStatement(FilterChainImpl.java:448)
	at com.alibaba.druid.proxy.jdbc.ConnectionProxyImpl.prepareStatement(ConnectionProxyImpl.java:342)
	at com.alibaba.druid.pool.DruidPooledConnection.prepareStatement(DruidPooledConnection.java:331)
	at org.apache.ibatis.executor.statement.PreparedStatementHandler.instantiateStatement(PreparedStatementHandler.java:87)
	at org.apache.ibatis.executor.statement.BaseStatementHandler.prepare(BaseStatementHandler.java:88)
	at org.apache.ibatis.executor.statement.RoutingStatementHandler.prepare(RoutingStatementHandler.java:59)
	at sun.reflect.NativeMethodAccessorImpl.invoke0(Native Method)
	at sun.reflect.NativeMethodAccessorImpl.invoke(NativeMethodAccessorImpl.java:62)
	at sun.reflect.DelegatingMethodAccessorImpl.invoke(DelegatingMethodAccessorImpl.java:43)
	at java.lang.reflect.Method.invoke(Method.java:498)
	at org.apache.ibatis.plugin.Invocation.proceed(Invocation.java:49)
	at thu.declan.xi.server.mybatis.plugin.PaginationInterceptor.intercept(PaginationInterceptor.java:81)
	at org.apache.ibatis.plugin.Plugin.invoke(Plugin.java:61)
	at com.sun.proxy.$Proxy58.prepare(Unknown Source)
	at org.apache.ibatis.executor.SimpleExecutor.prepareStatement(SimpleExecutor.java:85)
	at org.apache.ibatis.executor.SimpleExecutor.doQuery(SimpleExecutor.java:62)
	at org.apache.ibatis.executor.BaseExecutor.queryFromDatabase(BaseExecutor.java:324)
	at org.apache.ibatis.executor.BaseExecutor.query(BaseExecutor.java:156)
	at org.apache.ibatis.executor.CachingExecutor.query(CachingExecutor.java:109)
	at org.apache.ibatis.executor.CachingExecutor.query(CachingExecutor.java:83)
	at org.apache.ibatis.session.defaults.DefaultSqlSession.selectList(DefaultSqlSession.java:148)
	at org.apache.ibatis.session.defaults.DefaultSqlSession.selectList(DefaultSqlSession.java:141)
	at sun.reflect.NativeMethodAccessorImpl.invoke0(Native Method)
	at sun.reflect.NativeMethodAccessorImpl.invoke(NativeMethodAccessorImpl.java:62)
	at sun.reflect.DelegatingMethodAccessorImpl.invoke(DelegatingMethodAccessorImpl.java:43)
	at java.lang.reflect.Method.invoke(Method.java:498)
	at org.mybatis.spring.SqlSessionTemplate$SqlSessionInterceptor.invoke(SqlSessionTemplate.java:434)
	at com.sun.proxy.$Proxy19.selectList(Unknown Source)
	at org.mybatis.spring.SqlSessionTemplate.selectList(SqlSessionTemplate.java:231)
	at org.apache.ibatis.binding.MapperMethod.executeForMany(MapperMethod.java:137)
	at org.apache.ibatis.binding.MapperMethod.execute(MapperMethod.java:75)
	at org.apache.ibatis.binding.MapperProxy.invoke(MapperProxy.java:53)
	at com.sun.proxy.$Proxy44.selectListByOfferTime(Unknown Source)
	at thu.declan.xi.server.task.SalaryTask.generateSalaries(SalaryTask.java:46)
	at thu.declan.xi.server.task.SalaryTask.generateSalaries(SalaryTask.java:102)
	at thu.declan.xi.server.task.SalaryTask$$FastClassBySpringCGLIB$$ced8f480.invoke(<generated>)
	at org.springframework.cglib.proxy.MethodProxy.invoke(MethodProxy.java:204)
	at org.springframework.aop.framework.CglibAopProxy$CglibMethodInvocation.invokeJoinpoint(CglibAopProxy.java:720)
	at org.springframework.aop.framework.ReflectiveMethodInvocation.proceed(ReflectiveMethodInvocation.java:157)
	at org.springframework.transaction.interceptor.TransactionInterceptor$1.proceedWithInvocation(TransactionInterceptor.java:99)
	at org.springframework.transaction.interceptor.TransactionAspectSupport.invokeWithinTransaction(TransactionAspectSupport.java:281)
	at org.springframework.transaction.interceptor.TransactionInterceptor.invoke(TransactionInterceptor.java:96)
	at org.springframework.aop.framework.ReflectiveMethodInvocation.proceed(ReflectiveMethodInvocation.java:179)
	at org.springframework.aop.interceptor.ExposeInvocationInterceptor.invoke(ExposeInvocationInterceptor.java:92)
	at org.springframework.aop.framework.ReflectiveMethodInvocation.proceed(ReflectiveMethodInvocation.java:179)
	at org.springframework.aop.framework.CglibAopProxy$DynamicAdvisedInterceptor.intercept(CglibAopProxy.java:655)
	at thu.declan.xi.server.task.SalaryTask$$EnhancerBySpringCGLIB$$1e8cd43e.generateSalaries(<generated>)
	at thu.declan.xi.server.service.SalaryTaskTest.testAuthService(SalaryTaskTest.java:81)
	at sun.reflect.NativeMethodAccessorImpl.invoke0(Native Method)
	at sun.reflect.NativeMethodAccessorImpl.invoke(NativeMethodAccessorImpl.java:62)
	at sun.reflect.DelegatingMethodAccessorImpl.invoke(DelegatingMethodAccessorImpl.java:43)
	at java.lang.reflect.Method.invoke(Method.java:498)
	at org.junit.runners.model.FrameworkMethod$1.runReflectiveCall(FrameworkMethod.java:50)
	at org.junit.internal.runners.model.ReflectiveCallable.run(ReflectiveCallable.java:12)
	at org.junit.runners.model.FrameworkMethod.invokeExplosively(FrameworkMethod.java:47)
	at org.junit.internal.runners.statements.InvokeMethod.evaluate(InvokeMethod.java:17)
	at org.springframework.test.context.junit4.statements.RunBeforeTestMethodCallbacks.evaluate(RunBeforeTestMethodCallbacks.java:75)
	at org.springframework.test.context.junit4.statements.RunAfterTestMethodCallbacks.evaluate(RunAfterTestMethodCallbacks.java:86)
	at org.springframework.test.context.junit4.statements.SpringRepeat.evaluate(SpringRepeat.java:84)
	at org.junit.runners.ParentRunner.runLeaf(ParentRunner.java:325)
	at org.springframework.test.context.junit4.SpringJUnit4ClassRunner.runChild(SpringJUnit4ClassRunner.java:252)
	at org.springframework.test.context.junit4.SpringJUnit4ClassRunner.runChild(SpringJUnit4ClassRunner.java:94)
	at org.junit.runners.ParentRunner$3.run(ParentRunner.java:290)
	at org.junit.runners.ParentRunner$1.schedule(ParentRunner.java:71)
	at org.junit.runners.ParentRunner.runChildren(ParentRunner.java:288)
	at org.junit.runners.ParentRunner.access$000(ParentRunner.java:58)
	at org.junit.runners.ParentRunner$2.evaluate(ParentRunner.java:268)
	at org.springframework.test.context.junit4.statements.RunBeforeTestClassCallbacks.evaluate(RunBeforeTestClassCallbacks.java:61)
	at org.springframework.test.context.junit4.statements.RunAfterTestClassCallbacks.evaluate(RunAfterTestClassCallbacks.java:70)
	at org.junit.runners.ParentRunner.run(ParentRunner.java:363)
	at org.springframework.test.context.junit4.SpringJUnit4ClassRunner.run(SpringJUnit4ClassRunner.java:191)
	at org.eclipse.jdt.internal.junit4.runner.JUnit4TestReference.run(JUnit4TestReference.java:86)
	at org.eclipse.jdt.internal.junit.runner.TestExecution.run(TestExecution.java:38)
	at org.eclipse.jdt.internal.junit.runner.RemoteTestRunner.runTests(RemoteTestRunner.java:459)
	at org.eclipse.jdt.internal.junit.runner.RemoteTestRunner.runTests(RemoteTestRunner.java:678)
	at org.eclipse.jdt.internal.junit.runner.RemoteTestRunner.run(RemoteTestRunner.java:382)
	at org.eclipse.jdt.internal.junit.runner.RemoteTestRunner.main(RemoteTestRunner.java:192)
2018-06-05 17:35:03.917 ERROR com.alibaba.druid.filter.stat.StatFilter - merge sql error, dbType mysql, sql : 
select  
		 
		xi_resume.*
		
	 , xi_position.*, xi_student.*,
		c_accountId, c_name, c_addr, c_type, c_contact, c_contactPos, c_contactPhone, c_avatar, c_phone, c_industry, c_link, c_logo, c_verified
	 
		from  
		xi_resume
		inner join xi_student on xi_resume.r_stuId = xi_student.s_id
		inner join xi_position on xi_resume.r_positionId = xi_position.p_id
		inner join xi_company on xi_position.p_companyId = xi_company.c_id
	 
		 
		 where r_offerTime < ? and
			
				(r_endTime IS NULL ON r_endTime >= ?)  
	 
		 
		order by r_id DESC
com.alibaba.druid.sql.parser.ParserException: syntax error, expect RPAREN, actual ON ON
	at com.alibaba.druid.sql.parser.SQLExprParser.accept(SQLExprParser.java:1730)
	at com.alibaba.druid.sql.parser.SQLExprParser.primary(SQLExprParser.java:213)
	at com.alibaba.druid.sql.dialect.mysql.parser.MySqlExprParser.primary(MySqlExprParser.java:167)
	at com.alibaba.druid.sql.parser.SQLExprParser.bitXor(SQLExprParser.java:120)
	at com.alibaba.druid.sql.parser.SQLExprParser.multiplicative(SQLExprParser.java:157)
	at com.alibaba.druid.sql.parser.SQLExprParser.additive(SQLExprParser.java:1246)
	at com.alibaba.druid.sql.parser.SQLExprParser.shift(SQLExprParser.java:1274)
	at com.alibaba.druid.sql.parser.SQLExprParser.bitAnd(SQLExprParser.java:1152)
	at com.alibaba.druid.sql.parser.SQLExprParser.bitOr(SQLExprParser.java:1166)
	at com.alibaba.druid.sql.parser.SQLExprParser.equality(SQLExprParser.java:1181)
	at com.alibaba.druid.sql.parser.SQLExprParser.relational(SQLExprParser.java:1353)
	at com.alibaba.druid.sql.parser.SQLExprParser.andRest(SQLExprParser.java:1311)
	at com.alibaba.druid.sql.parser.SQLExprParser.exprRest(SQLExprParser.java:113)
	at com.alibaba.druid.sql.parser.SQLExprParser.expr(SQLExprParser.java:100)
	at com.alibaba.druid.sql.parser.SQLSelectParser.expr(SQLSelectParser.java:527)
	at com.alibaba.druid.sql.parser.SQLSelectParser.parseWhere(SQLSelectParser.java:247)
	at com.alibaba.druid.sql.dialect.mysql.parser.MySqlSelectParser.query(MySqlSelectParser.java:160)
	at com.alibaba.druid.sql.parser.SQLSelectParser.select(SQLSelectParser.java:62)
	at com.alibaba.druid.sql.dialect.mysql.parser.MySqlStatementParser.parseSelect(MySqlStatementParser.java:237)
	at com.alibaba.druid.sql.parser.SQLStatementParser.parseStatementList(SQLStatementParser.java:183)
	at com.alibaba.druid.sql.parser.SQLStatementParser.parseStatementList(SQLStatementParser.java:148)
	at com.alibaba.druid.sql.parser.SQLStatementParser.parseStatementList(SQLStatementParser.java:143)
	at com.alibaba.druid.sql.visitor.ParameterizedOutputVisitorUtils.parameterize(ParameterizedOutputVisitorUtils.java:54)
	at com.alibaba.druid.filter.stat.StatFilter.mergeSql(StatFilter.java:145)
	at com.alibaba.druid.filter.stat.StatFilter.createSqlStat(StatFilter.java:630)
	at com.alibaba.druid.filter.stat.StatFilter.statementPrepareAfter(StatFilter.java:305)
	at com.alibaba.druid.filter.FilterEventAdapter.connection_prepareStatement(FilterEventAdapter.java:124)
	at com.alibaba.druid.filter.FilterChainImpl.connection_prepareStatement(FilterChainImpl.java:448)
	at com.alibaba.druid.proxy.jdbc.ConnectionProxyImpl.prepareStatement(ConnectionProxyImpl.java:342)
	at com.alibaba.druid.pool.DruidPooledConnection.prepareStatement(DruidPooledConnection.java:331)
	at org.apache.ibatis.executor.statement.PreparedStatementHandler.instantiateStatement(PreparedStatementHandler.java:87)
	at org.apache.ibatis.executor.statement.BaseStatementHandler.prepare(BaseStatementHandler.java:88)
	at org.apache.ibatis.executor.statement.RoutingStatementHandler.prepare(RoutingStatementHandler.java:59)
	at sun.reflect.NativeMethodAccessorImpl.invoke0(Native Method)
	at sun.reflect.NativeMethodAccessorImpl.invoke(NativeMethodAccessorImpl.java:62)
	at sun.reflect.DelegatingMethodAccessorImpl.invoke(DelegatingMethodAccessorImpl.java:43)
	at java.lang.reflect.Method.invoke(Method.java:498)
	at org.apache.ibatis.plugin.Invocation.proceed(Invocation.java:49)
	at thu.declan.xi.server.mybatis.plugin.PaginationInterceptor.intercept(PaginationInterceptor.java:81)
	at org.apache.ibatis.plugin.Plugin.invoke(Plugin.java:61)
	at com.sun.proxy.$Proxy58.prepare(Unknown Source)
	at org.apache.ibatis.executor.SimpleExecutor.prepareStatement(SimpleExecutor.java:85)
	at org.apache.ibatis.executor.SimpleExecutor.doQuery(SimpleExecutor.java:62)
	at org.apache.ibatis.executor.BaseExecutor.queryFromDatabase(BaseExecutor.java:324)
	at org.apache.ibatis.executor.BaseExecutor.query(BaseExecutor.java:156)
	at org.apache.ibatis.executor.CachingExecutor.query(CachingExecutor.java:109)
	at org.apache.ibatis.executor.CachingExecutor.query(CachingExecutor.java:83)
	at org.apache.ibatis.session.defaults.DefaultSqlSession.selectList(DefaultSqlSession.java:148)
	at org.apache.ibatis.session.defaults.DefaultSqlSession.selectList(DefaultSqlSession.java:141)
	at sun.reflect.NativeMethodAccessorImpl.invoke0(Native Method)
	at sun.reflect.NativeMethodAccessorImpl.invoke(NativeMethodAccessorImpl.java:62)
	at sun.reflect.DelegatingMethodAccessorImpl.invoke(DelegatingMethodAccessorImpl.java:43)
	at java.lang.reflect.Method.invoke(Method.java:498)
	at org.mybatis.spring.SqlSessionTemplate$SqlSessionInterceptor.invoke(SqlSessionTemplate.java:434)
	at com.sun.proxy.$Proxy19.selectList(Unknown Source)
	at org.mybatis.spring.SqlSessionTemplate.selectList(SqlSessionTemplate.java:231)
	at org.apache.ibatis.binding.MapperMethod.executeForMany(MapperMethod.java:137)
	at org.apache.ibatis.binding.MapperMethod.execute(MapperMethod.java:75)
	at org.apache.ibatis.binding.MapperProxy.invoke(MapperProxy.java:53)
	at com.sun.proxy.$Proxy44.selectListByOfferTime(Unknown Source)
	at thu.declan.xi.server.service.SalaryTaskTest.testAuthService(SalaryTaskTest.java:87)
	at sun.reflect.NativeMethodAccessorImpl.invoke0(Native Method)
	at sun.reflect.NativeMethodAccessorImpl.invoke(NativeMethodAccessorImpl.java:62)
	at sun.reflect.DelegatingMethodAccessorImpl.invoke(DelegatingMethodAccessorImpl.java:43)
	at java.lang.reflect.Method.invoke(Method.java:498)
	at org.junit.runners.model.FrameworkMethod$1.runReflectiveCall(FrameworkMethod.java:50)
	at org.junit.internal.runners.model.ReflectiveCallable.run(ReflectiveCallable.java:12)
	at org.junit.runners.model.FrameworkMethod.invokeExplosively(FrameworkMethod.java:47)
	at org.junit.internal.runners.statements.InvokeMethod.evaluate(InvokeMethod.java:17)
	at org.springframework.test.context.junit4.statements.RunBeforeTestMethodCallbacks.evaluate(RunBeforeTestMethodCallbacks.java:75)
	at org.springframework.test.context.junit4.statements.RunAfterTestMethodCallbacks.evaluate(RunAfterTestMethodCallbacks.java:86)
	at org.springframework.test.context.junit4.statements.SpringRepeat.evaluate(SpringRepeat.java:84)
	at org.junit.runners.ParentRunner.runLeaf(ParentRunner.java:325)
	at org.springframework.test.context.junit4.SpringJUnit4ClassRunner.runChild(SpringJUnit4ClassRunner.java:252)
	at org.springframework.test.context.junit4.SpringJUnit4ClassRunner.runChild(SpringJUnit4ClassRunner.java:94)
	at org.junit.runners.ParentRunner$3.run(ParentRunner.java:290)
	at org.junit.runners.ParentRunner$1.schedule(ParentRunner.java:71)
	at org.junit.runners.ParentRunner.runChildren(ParentRunner.java:288)
	at org.junit.runners.ParentRunner.access$000(ParentRunner.java:58)
	at org.junit.runners.ParentRunner$2.evaluate(ParentRunner.java:268)
	at org.springframework.test.context.junit4.statements.RunBeforeTestClassCallbacks.evaluate(RunBeforeTestClassCallbacks.java:61)
	at org.springframework.test.context.junit4.statements.RunAfterTestClassCallbacks.evaluate(RunAfterTestClassCallbacks.java:70)
	at org.junit.runners.ParentRunner.run(ParentRunner.java:363)
	at org.springframework.test.context.junit4.SpringJUnit4ClassRunner.run(SpringJUnit4ClassRunner.java:191)
	at org.eclipse.jdt.internal.junit4.runner.JUnit4TestReference.run(JUnit4TestReference.java:86)
	at org.eclipse.jdt.internal.junit.runner.TestExecution.run(TestExecution.java:38)
	at org.eclipse.jdt.internal.junit.runner.RemoteTestRunner.runTests(RemoteTestRunner.java:459)
	at org.eclipse.jdt.internal.junit.runner.RemoteTestRunner.runTests(RemoteTestRunner.java:678)
	at org.eclipse.jdt.internal.junit.runner.RemoteTestRunner.run(RemoteTestRunner.java:382)
	at org.eclipse.jdt.internal.junit.runner.RemoteTestRunner.main(RemoteTestRunner.java:192)
2018-06-05 17:36:30.417 ERROR com.alibaba.druid.filter.stat.StatFilter - merge sql error, dbType mysql, sql : 
select  
		 
		xi_resume.*
		
	 , xi_position.*, xi_student.*,
		c_accountId, c_name, c_addr, c_type, c_contact, c_contactPos, c_contactPhone, c_avatar, c_phone, c_industry, c_link, c_logo, c_verified
	 
		from  
		xi_resume
		inner join xi_student on xi_resume.r_stuId = xi_student.s_id
		inner join xi_position on xi_resume.r_positionId = xi_position.p_id
		inner join xi_company on xi_position.p_companyId = xi_company.c_id
	 
		 
		 where r_offerTime < ? and
			
				r_endTime IS NULL ON r_endTime >= ?  
	 
		 
		order by r_id DESC
com.alibaba.druid.sql.parser.ParserException: syntax error, error in :'NULL ON r_endTime >= ?  
	 
		 
		o',expect ON, actual ON ON
	at com.alibaba.druid.sql.parser.SQLParser.printError(SQLParser.java:239)
	at com.alibaba.druid.sql.parser.SQLStatementParser.parseStatementList(SQLStatementParser.java:431)
	at com.alibaba.druid.sql.parser.SQLStatementParser.parseStatementList(SQLStatementParser.java:148)
	at com.alibaba.druid.sql.parser.SQLStatementParser.parseStatementList(SQLStatementParser.java:143)
	at com.alibaba.druid.sql.visitor.ParameterizedOutputVisitorUtils.parameterize(ParameterizedOutputVisitorUtils.java:54)
	at com.alibaba.druid.filter.stat.StatFilter.mergeSql(StatFilter.java:145)
	at com.alibaba.druid.filter.stat.StatFilter.createSqlStat(StatFilter.java:630)
	at com.alibaba.druid.filter.stat.StatFilter.statementPrepareAfter(StatFilter.java:305)
	at com.alibaba.druid.filter.FilterEventAdapter.connection_prepareStatement(FilterEventAdapter.java:124)
	at com.alibaba.druid.filter.FilterChainImpl.connection_prepareStatement(FilterChainImpl.java:448)
	at com.alibaba.druid.proxy.jdbc.ConnectionProxyImpl.prepareStatement(ConnectionProxyImpl.java:342)
	at com.alibaba.druid.pool.DruidPooledConnection.prepareStatement(DruidPooledConnection.java:331)
	at org.apache.ibatis.executor.statement.PreparedStatementHandler.instantiateStatement(PreparedStatementHandler.java:87)
	at org.apache.ibatis.executor.statement.BaseStatementHandler.prepare(BaseStatementHandler.java:88)
	at org.apache.ibatis.executor.statement.RoutingStatementHandler.prepare(RoutingStatementHandler.java:59)
	at sun.reflect.NativeMethodAccessorImpl.invoke0(Native Method)
	at sun.reflect.NativeMethodAccessorImpl.invoke(NativeMethodAccessorImpl.java:62)
	at sun.reflect.DelegatingMethodAccessorImpl.invoke(DelegatingMethodAccessorImpl.java:43)
	at java.lang.reflect.Method.invoke(Method.java:498)
	at org.apache.ibatis.plugin.Invocation.proceed(Invocation.java:49)
	at thu.declan.xi.server.mybatis.plugin.PaginationInterceptor.intercept(PaginationInterceptor.java:81)
	at org.apache.ibatis.plugin.Plugin.invoke(Plugin.java:61)
	at com.sun.proxy.$Proxy58.prepare(Unknown Source)
	at org.apache.ibatis.executor.SimpleExecutor.prepareStatement(SimpleExecutor.java:85)
	at org.apache.ibatis.executor.SimpleExecutor.doQuery(SimpleExecutor.java:62)
	at org.apache.ibatis.executor.BaseExecutor.queryFromDatabase(BaseExecutor.java:324)
	at org.apache.ibatis.executor.BaseExecutor.query(BaseExecutor.java:156)
	at org.apache.ibatis.executor.CachingExecutor.query(CachingExecutor.java:109)
	at org.apache.ibatis.executor.CachingExecutor.query(CachingExecutor.java:83)
	at org.apache.ibatis.session.defaults.DefaultSqlSession.selectList(DefaultSqlSession.java:148)
	at org.apache.ibatis.session.defaults.DefaultSqlSession.selectList(DefaultSqlSession.java:141)
	at sun.reflect.NativeMethodAccessorImpl.invoke0(Native Method)
	at sun.reflect.NativeMethodAccessorImpl.invoke(NativeMethodAccessorImpl.java:62)
	at sun.reflect.DelegatingMethodAccessorImpl.invoke(DelegatingMethodAccessorImpl.java:43)
	at java.lang.reflect.Method.invoke(Method.java:498)
	at org.mybatis.spring.SqlSessionTemplate$SqlSessionInterceptor.invoke(SqlSessionTemplate.java:434)
	at com.sun.proxy.$Proxy19.selectList(Unknown Source)
	at org.mybatis.spring.SqlSessionTemplate.selectList(SqlSessionTemplate.java:231)
	at org.apache.ibatis.binding.MapperMethod.executeForMany(MapperMethod.java:137)
	at org.apache.ibatis.binding.MapperMethod.execute(MapperMethod.java:75)
	at org.apache.ibatis.binding.MapperProxy.invoke(MapperProxy.java:53)
	at com.sun.proxy.$Proxy44.selectListByOfferTime(Unknown Source)
	at thu.declan.xi.server.service.SalaryTaskTest.testAuthService(SalaryTaskTest.java:87)
	at sun.reflect.NativeMethodAccessorImpl.invoke0(Native Method)
	at sun.reflect.NativeMethodAccessorImpl.invoke(NativeMethodAccessorImpl.java:62)
	at sun.reflect.DelegatingMethodAccessorImpl.invoke(DelegatingMethodAccessorImpl.java:43)
	at java.lang.reflect.Method.invoke(Method.java:498)
	at org.junit.runners.model.FrameworkMethod$1.runReflectiveCall(FrameworkMethod.java:50)
	at org.junit.internal.runners.model.ReflectiveCallable.run(ReflectiveCallable.java:12)
	at org.junit.runners.model.FrameworkMethod.invokeExplosively(FrameworkMethod.java:47)
	at org.junit.internal.runners.statements.InvokeMethod.evaluate(InvokeMethod.java:17)
	at org.springframework.test.context.junit4.statements.RunBeforeTestMethodCallbacks.evaluate(RunBeforeTestMethodCallbacks.java:75)
	at org.springframework.test.context.junit4.statements.RunAfterTestMethodCallbacks.evaluate(RunAfterTestMethodCallbacks.java:86)
	at org.springframework.test.context.junit4.statements.SpringRepeat.evaluate(SpringRepeat.java:84)
	at org.junit.runners.ParentRunner.runLeaf(ParentRunner.java:325)
	at org.springframework.test.context.junit4.SpringJUnit4ClassRunner.runChild(SpringJUnit4ClassRunner.java:252)
	at org.springframework.test.context.junit4.SpringJUnit4ClassRunner.runChild(SpringJUnit4ClassRunner.java:94)
	at org.junit.runners.ParentRunner$3.run(ParentRunner.java:290)
	at org.junit.runners.ParentRunner$1.schedule(ParentRunner.java:71)
	at org.junit.runners.ParentRunner.runChildren(ParentRunner.java:288)
	at org.junit.runners.ParentRunner.access$000(ParentRunner.java:58)
	at org.junit.runners.ParentRunner$2.evaluate(ParentRunner.java:268)
	at org.springframework.test.context.junit4.statements.RunBeforeTestClassCallbacks.evaluate(RunBeforeTestClassCallbacks.java:61)
	at org.springframework.test.context.junit4.statements.RunAfterTestClassCallbacks.evaluate(RunAfterTestClassCallbacks.java:70)
	at org.junit.runners.ParentRunner.run(ParentRunner.java:363)
	at org.springframework.test.context.junit4.SpringJUnit4ClassRunner.run(SpringJUnit4ClassRunner.java:191)
	at org.eclipse.jdt.internal.junit4.runner.JUnit4TestReference.run(JUnit4TestReference.java:86)
	at org.eclipse.jdt.internal.junit.runner.TestExecution.run(TestExecution.java:38)
	at org.eclipse.jdt.internal.junit.runner.RemoteTestRunner.runTests(RemoteTestRunner.java:459)
	at org.eclipse.jdt.internal.junit.runner.RemoteTestRunner.runTests(RemoteTestRunner.java:678)
	at org.eclipse.jdt.internal.junit.runner.RemoteTestRunner.run(RemoteTestRunner.java:382)
	at org.eclipse.jdt.internal.junit.runner.RemoteTestRunner.main(RemoteTestRunner.java:192)
