2018-06-06 17:31:13.531 INFO  com.alibaba.druid.pool.DruidDataSource - {dataSource-1} inited
2018-06-06 17:31:19.835 INFO  thu.declan.xi.server.task.SalaryTask - ******************************** Start Generate Salaries ********************************
2018-06-06 17:31:19.835 INFO  thu.declan.xi.server.task.SalaryTask - For working resumes
2018-06-06 17:31:20.438 INFO  thu.declan.xi.server.task.SalaryTask - Generate for resume 184
2018-06-06 17:31:20.489 INFO  thu.declan.xi.server.task.SalaryTask - Generate for resume 180
2018-06-06 17:31:20.508 INFO  thu.declan.xi.server.task.SalaryTask - Generate for resume 178
2018-06-06 17:31:20.510 INFO  thu.declan.xi.server.task.SalaryTask - Generate for resume 177
2018-06-06 17:31:20.513 INFO  thu.declan.xi.server.task.SalaryTask - Generate for resume 174
2018-06-06 17:31:20.516 INFO  thu.declan.xi.server.task.SalaryTask - Generate for resume 173
2018-06-06 17:31:20.518 INFO  thu.declan.xi.server.task.SalaryTask - Generate for resume 170
2018-06-06 17:31:20.520 INFO  thu.declan.xi.server.task.SalaryTask - Generate for resume 166
2018-06-06 17:31:20.523 INFO  thu.declan.xi.server.task.SalaryTask - Generate for resume 157
2018-06-06 17:31:20.525 INFO  thu.declan.xi.server.task.SalaryTask - Generate for resume 155
2018-06-06 17:31:20.527 INFO  thu.declan.xi.server.task.SalaryTask - Generate for resume 106
2018-06-06 17:31:20.529 INFO  thu.declan.xi.server.task.SalaryTask - Generate for resume 88
2018-06-06 17:31:20.532 INFO  thu.declan.xi.server.task.SalaryTask - Generate for resume 82
2018-06-06 17:31:20.534 INFO  thu.declan.xi.server.task.SalaryTask - Generate for resume 80
2018-06-06 17:31:20.537 INFO  thu.declan.xi.server.task.SalaryTask - Generate for resume 79
2018-06-06 17:31:20.540 INFO  thu.declan.xi.server.task.SalaryTask - Generate for resume 77
2018-06-06 17:31:20.545 INFO  thu.declan.xi.server.task.SalaryTask - Generate for resume 76
2018-06-06 17:31:20.547 INFO  thu.declan.xi.server.task.SalaryTask - Generate for resume 71
2018-06-06 17:31:20.578 INFO  thu.declan.xi.server.task.SalaryTask - Generate for resume 70
2018-06-06 17:31:20.579 INFO  thu.declan.xi.server.task.SalaryTask - Generate for resume 68
2018-06-06 17:31:20.581 INFO  thu.declan.xi.server.task.SalaryTask - Generate for resume 67
2018-06-06 17:31:20.584 INFO  thu.declan.xi.server.task.SalaryTask - Generate for resume 64
2018-06-06 17:31:20.586 INFO  thu.declan.xi.server.task.SalaryTask - Generate for resume 58
2018-06-06 17:31:20.588 INFO  thu.declan.xi.server.task.SalaryTask - Generate for resume 57
2018-06-06 17:31:20.591 INFO  thu.declan.xi.server.task.SalaryTask - Generate for resume 56
2018-06-06 17:31:20.593 INFO  thu.declan.xi.server.task.SalaryTask - Generate for resume 55
2018-06-06 17:31:20.595 INFO  thu.declan.xi.server.task.SalaryTask - Generate for resume 54
2018-06-06 17:31:20.597 INFO  thu.declan.xi.server.task.SalaryTask - Generate for resume 53
2018-06-06 17:31:20.599 INFO  thu.declan.xi.server.task.SalaryTask - Generate for resume 52
2018-06-06 17:31:20.601 INFO  thu.declan.xi.server.task.SalaryTask - Generate for resume 51
2018-06-06 17:31:20.602 INFO  thu.declan.xi.server.task.SalaryTask - Generate for resume 50
2018-06-06 17:31:20.604 INFO  thu.declan.xi.server.task.SalaryTask - Generate for resume 48
2018-06-06 17:31:20.606 INFO  thu.declan.xi.server.task.SalaryTask - Generate for resume 47
2018-06-06 17:31:20.608 INFO  thu.declan.xi.server.task.SalaryTask - Generate for resume 44
2018-06-06 17:31:20.611 INFO  thu.declan.xi.server.task.SalaryTask - Generate for resume 43
2018-06-06 17:31:20.613 INFO  thu.declan.xi.server.task.SalaryTask - Generate for resume 40
2018-06-06 17:31:20.615 INFO  thu.declan.xi.server.task.SalaryTask - Generate for resume 30
2018-06-06 17:31:20.618 INFO  thu.declan.xi.server.task.SalaryTask - Generate for resume 14
2018-06-06 17:31:20.621 INFO  thu.declan.xi.server.task.SalaryTask - Generate for resume 9
2018-06-06 17:31:20.629 INFO  thu.declan.xi.server.task.SalaryTask - Generate for resume 7
2018-06-06 17:31:20.631 INFO  thu.declan.xi.server.task.SalaryTask - ******************************** Finish Generate Salaries ********************************
2018-06-06 17:31:20.717 INFO  thu.declan.xi.server.task.SalaryTask - ******************************** Start Auto Confirm Salaries ********************************
2018-06-06 17:31:20.756 INFO  thu.declan.xi.server.task.SalaryTask - Auto confirm for salary 59
2018-06-06 17:31:20.776 INFO  thu.declan.xi.server.task.SalaryTask - ******************************** Finish Auto Confirm Salaries ********************************
2018-06-06 17:31:21.022 INFO  com.alibaba.druid.pool.DruidDataSource - {dataSource-1} closed
2018-06-06 17:34:34.107 INFO  com.alibaba.druid.pool.DruidDataSource - {dataSource-1} inited
2018-06-06 17:34:36.435 INFO  thu.declan.xi.server.task.SalaryTask - ******************************** Start Generate Salaries ********************************
2018-06-06 17:34:36.435 INFO  thu.declan.xi.server.task.SalaryTask - For working resumes
2018-06-06 17:34:36.736 INFO  thu.declan.xi.server.task.SalaryTask - Generate for resume 186
2018-06-06 17:34:36.743 INFO  thu.declan.xi.server.task.SalaryTask - Generate for resume 184
2018-06-06 17:34:36.745 INFO  thu.declan.xi.server.task.SalaryTask - Generate for resume 180
2018-06-06 17:34:36.747 INFO  thu.declan.xi.server.task.SalaryTask - Generate for resume 178
2018-06-06 17:34:36.749 INFO  thu.declan.xi.server.task.SalaryTask - Generate for resume 177
2018-06-06 17:34:36.751 INFO  thu.declan.xi.server.task.SalaryTask - Generate for resume 174
2018-06-06 17:34:36.754 INFO  thu.declan.xi.server.task.SalaryTask - Generate for resume 173
2018-06-06 17:34:36.756 INFO  thu.declan.xi.server.task.SalaryTask - Generate for resume 170
2018-06-06 17:34:36.758 INFO  thu.declan.xi.server.task.SalaryTask - Generate for resume 166
2018-06-06 17:34:36.760 INFO  thu.declan.xi.server.task.SalaryTask - Generate for resume 157
2018-06-06 17:34:36.762 INFO  thu.declan.xi.server.task.SalaryTask - Generate for resume 155
2018-06-06 17:34:36.765 INFO  thu.declan.xi.server.task.SalaryTask - Generate for resume 106
2018-06-06 17:34:36.769 INFO  thu.declan.xi.server.task.SalaryTask - Generate for resume 88
2018-06-06 17:34:36.786 INFO  thu.declan.xi.server.task.SalaryTask - Generate for resume 82
2018-06-06 17:34:36.788 INFO  thu.declan.xi.server.task.SalaryTask - Generate for resume 80
2018-06-06 17:34:36.793 INFO  thu.declan.xi.server.task.SalaryTask - Generate for resume 79
2018-06-06 17:34:36.797 INFO  thu.declan.xi.server.task.SalaryTask - Generate for resume 77
2018-06-06 17:34:36.799 INFO  thu.declan.xi.server.task.SalaryTask - Generate for resume 76
2018-06-06 17:34:36.800 INFO  thu.declan.xi.server.task.SalaryTask - Generate for resume 71
2018-06-06 17:34:36.802 INFO  thu.declan.xi.server.task.SalaryTask - Generate for resume 70
2018-06-06 17:34:36.804 INFO  thu.declan.xi.server.task.SalaryTask - Generate for resume 68
2018-06-06 17:34:36.806 INFO  thu.declan.xi.server.task.SalaryTask - Generate for resume 67
2018-06-06 17:34:36.808 INFO  thu.declan.xi.server.task.SalaryTask - Generate for resume 64
2018-06-06 17:34:36.809 INFO  thu.declan.xi.server.task.SalaryTask - Generate for resume 58
2018-06-06 17:34:36.811 INFO  thu.declan.xi.server.task.SalaryTask - Generate for resume 57
2018-06-06 17:34:36.816 INFO  thu.declan.xi.server.task.SalaryTask - Generate for resume 56
2018-06-06 17:34:36.818 INFO  thu.declan.xi.server.task.SalaryTask - Generate for resume 55
2018-06-06 17:34:36.820 INFO  thu.declan.xi.server.task.SalaryTask - Generate for resume 54
2018-06-06 17:34:36.821 INFO  thu.declan.xi.server.task.SalaryTask - Generate for resume 53
2018-06-06 17:34:36.823 INFO  thu.declan.xi.server.task.SalaryTask - Generate for resume 52
2018-06-06 17:34:36.826 INFO  thu.declan.xi.server.task.SalaryTask - Generate for resume 51
2018-06-06 17:34:36.827 INFO  thu.declan.xi.server.task.SalaryTask - Generate for resume 50
2018-06-06 17:34:36.829 INFO  thu.declan.xi.server.task.SalaryTask - Generate for resume 48
2018-06-06 17:34:36.830 INFO  thu.declan.xi.server.task.SalaryTask - Generate for resume 47
2018-06-06 17:34:36.832 INFO  thu.declan.xi.server.task.SalaryTask - Generate for resume 44
2018-06-06 17:34:36.834 INFO  thu.declan.xi.server.task.SalaryTask - Generate for resume 43
2018-06-06 17:34:36.836 INFO  thu.declan.xi.server.task.SalaryTask - Generate for resume 40
2018-06-06 17:34:36.837 INFO  thu.declan.xi.server.task.SalaryTask - Generate for resume 30
2018-06-06 17:34:36.839 INFO  thu.declan.xi.server.task.SalaryTask - Generate for resume 14
2018-06-06 17:34:36.841 INFO  thu.declan.xi.server.task.SalaryTask - Generate for resume 9
2018-06-06 17:34:36.843 INFO  thu.declan.xi.server.task.SalaryTask - Generate for resume 7
2018-06-06 17:34:36.846 INFO  thu.declan.xi.server.task.SalaryTask - ******************************** Finish Generate Salaries ********************************
2018-06-06 17:34:36.912 INFO  thu.declan.xi.server.task.SalaryTask - ******************************** Start Auto Confirm Salaries ********************************
2018-06-06 17:34:36.922 INFO  thu.declan.xi.server.task.SalaryTask - ******************************** Finish Auto Confirm Salaries ********************************
2018-06-06 17:34:36.931 INFO  com.alibaba.druid.pool.DruidDataSource - {dataSource-1} closed
2018-06-06 17:40:19.755 INFO  com.alibaba.druid.pool.DruidDataSource - {dataSource-1} inited
2018-06-06 17:40:23.134 INFO  thu.declan.xi.server.task.SalaryTask - ******************************** Start Generate Salaries ********************************
2018-06-06 17:40:23.134 INFO  thu.declan.xi.server.task.SalaryTask - For working resumes
2018-06-06 17:40:23.513 INFO  thu.declan.xi.server.task.SalaryTask - Generate for resume 187
2018-06-06 17:40:23.522 INFO  thu.declan.xi.server.task.SalaryTask - Generate for resume 186
2018-06-06 17:40:23.551 INFO  thu.declan.xi.server.task.SalaryTask - Generate for resume 184
2018-06-06 17:40:23.553 INFO  thu.declan.xi.server.task.SalaryTask - Generate for resume 180
2018-06-06 17:40:23.555 INFO  thu.declan.xi.server.task.SalaryTask - Generate for resume 178
2018-06-06 17:40:23.557 INFO  thu.declan.xi.server.task.SalaryTask - Generate for resume 177
2018-06-06 17:40:23.559 INFO  thu.declan.xi.server.task.SalaryTask - Generate for resume 174
2018-06-06 17:40:23.561 INFO  thu.declan.xi.server.task.SalaryTask - Generate for resume 173
2018-06-06 17:40:23.563 INFO  thu.declan.xi.server.task.SalaryTask - Generate for resume 170
2018-06-06 17:40:23.566 INFO  thu.declan.xi.server.task.SalaryTask - Generate for resume 166
2018-06-06 17:40:23.568 INFO  thu.declan.xi.server.task.SalaryTask - Generate for resume 157
2018-06-06 17:40:23.571 INFO  thu.declan.xi.server.task.SalaryTask - Generate for resume 155
2018-06-06 17:40:23.574 INFO  thu.declan.xi.server.task.SalaryTask - Generate for resume 106
2018-06-06 17:40:23.577 INFO  thu.declan.xi.server.task.SalaryTask - Generate for resume 88
2018-06-06 17:40:23.578 INFO  thu.declan.xi.server.task.SalaryTask - Generate for resume 82
2018-06-06 17:40:23.581 INFO  thu.declan.xi.server.task.SalaryTask - Generate for resume 80
2018-06-06 17:40:23.585 INFO  thu.declan.xi.server.task.SalaryTask - Generate for resume 79
2018-06-06 17:40:23.587 INFO  thu.declan.xi.server.task.SalaryTask - Generate for resume 77
2018-06-06 17:40:23.588 INFO  thu.declan.xi.server.task.SalaryTask - Generate for resume 76
2018-06-06 17:40:23.590 INFO  thu.declan.xi.server.task.SalaryTask - Generate for resume 71
2018-06-06 17:40:23.592 INFO  thu.declan.xi.server.task.SalaryTask - Generate for resume 70
2018-06-06 17:40:23.595 INFO  thu.declan.xi.server.task.SalaryTask - Generate for resume 68
2018-06-06 17:40:23.597 INFO  thu.declan.xi.server.task.SalaryTask - Generate for resume 67
2018-06-06 17:40:23.600 INFO  thu.declan.xi.server.task.SalaryTask - Generate for resume 64
2018-06-06 17:40:23.602 INFO  thu.declan.xi.server.task.SalaryTask - Generate for resume 58
2018-06-06 17:40:23.608 INFO  thu.declan.xi.server.task.SalaryTask - Generate for resume 57
2018-06-06 17:40:23.609 INFO  thu.declan.xi.server.task.SalaryTask - Generate for resume 56
2018-06-06 17:40:23.611 INFO  thu.declan.xi.server.task.SalaryTask - Generate for resume 55
2018-06-06 17:40:23.613 INFO  thu.declan.xi.server.task.SalaryTask - Generate for resume 54
2018-06-06 17:40:23.615 INFO  thu.declan.xi.server.task.SalaryTask - Generate for resume 53
2018-06-06 17:40:23.617 INFO  thu.declan.xi.server.task.SalaryTask - Generate for resume 52
2018-06-06 17:40:23.618 INFO  thu.declan.xi.server.task.SalaryTask - Generate for resume 51
2018-06-06 17:40:23.620 INFO  thu.declan.xi.server.task.SalaryTask - Generate for resume 50
2018-06-06 17:40:23.622 INFO  thu.declan.xi.server.task.SalaryTask - Generate for resume 48
2018-06-06 17:40:23.625 INFO  thu.declan.xi.server.task.SalaryTask - Generate for resume 47
2018-06-06 17:40:23.627 INFO  thu.declan.xi.server.task.SalaryTask - Generate for resume 44
2018-06-06 17:40:23.631 INFO  thu.declan.xi.server.task.SalaryTask - Generate for resume 43
2018-06-06 17:40:23.633 INFO  thu.declan.xi.server.task.SalaryTask - Generate for resume 40
2018-06-06 17:40:23.635 INFO  thu.declan.xi.server.task.SalaryTask - Generate for resume 30
2018-06-06 17:40:23.637 INFO  thu.declan.xi.server.task.SalaryTask - Generate for resume 14
2018-06-06 17:40:23.640 INFO  thu.declan.xi.server.task.SalaryTask - Generate for resume 9
2018-06-06 17:40:23.641 INFO  thu.declan.xi.server.task.SalaryTask - Generate for resume 7
2018-06-06 17:40:23.644 INFO  thu.declan.xi.server.task.SalaryTask - ******************************** Finish Generate Salaries ********************************
2018-06-06 17:40:23.711 INFO  thu.declan.xi.server.task.SalaryTask - ******************************** Start Auto Confirm Salaries ********************************
2018-06-06 17:40:23.720 INFO  thu.declan.xi.server.task.SalaryTask - ******************************** Finish Auto Confirm Salaries ********************************
2018-06-06 17:40:23.731 INFO  com.alibaba.druid.pool.DruidDataSource - {dataSource-1} closed
2018-06-06 17:40:58.859 INFO  com.alibaba.druid.pool.DruidDataSource - {dataSource-1} inited
2018-06-06 17:41:01.734 INFO  thu.declan.xi.server.task.SalaryTask - ******************************** Start Generate Salaries ********************************
2018-06-06 17:41:01.734 INFO  thu.declan.xi.server.task.SalaryTask - For working resumes
2018-06-06 17:41:02.048 INFO  thu.declan.xi.server.task.SalaryTask - Generate for resume 187
2018-06-06 17:41:02.070 INFO  thu.declan.xi.server.task.SalaryTask - Generate for resume 186
2018-06-06 17:41:02.072 INFO  thu.declan.xi.server.task.SalaryTask - Generate for resume 184
2018-06-06 17:41:02.074 INFO  thu.declan.xi.server.task.SalaryTask - Generate for resume 180
2018-06-06 17:41:02.076 INFO  thu.declan.xi.server.task.SalaryTask - Generate for resume 178
2018-06-06 17:41:02.079 INFO  thu.declan.xi.server.task.SalaryTask - Generate for resume 177
2018-06-06 17:41:02.081 INFO  thu.declan.xi.server.task.SalaryTask - Generate for resume 174
2018-06-06 17:41:02.084 INFO  thu.declan.xi.server.task.SalaryTask - Generate for resume 173
2018-06-06 17:41:02.086 INFO  thu.declan.xi.server.task.SalaryTask - Generate for resume 170
2018-06-06 17:41:02.088 INFO  thu.declan.xi.server.task.SalaryTask - Generate for resume 166
2018-06-06 17:41:02.091 INFO  thu.declan.xi.server.task.SalaryTask - Generate for resume 157
2018-06-06 17:41:02.093 INFO  thu.declan.xi.server.task.SalaryTask - Generate for resume 155
2018-06-06 17:41:02.095 INFO  thu.declan.xi.server.task.SalaryTask - Generate for resume 106
2018-06-06 17:41:02.098 INFO  thu.declan.xi.server.task.SalaryTask - Generate for resume 88
2018-06-06 17:41:02.099 INFO  thu.declan.xi.server.task.SalaryTask - Generate for resume 82
2018-06-06 17:41:02.103 INFO  thu.declan.xi.server.task.SalaryTask - Generate for resume 80
2018-06-06 17:41:02.107 INFO  thu.declan.xi.server.task.SalaryTask - Generate for resume 79
2018-06-06 17:41:02.109 INFO  thu.declan.xi.server.task.SalaryTask - Generate for resume 77
2018-06-06 17:41:02.111 INFO  thu.declan.xi.server.task.SalaryTask - Generate for resume 76
2018-06-06 17:41:02.113 INFO  thu.declan.xi.server.task.SalaryTask - Generate for resume 71
2018-06-06 17:41:02.114 INFO  thu.declan.xi.server.task.SalaryTask - Generate for resume 70
2018-06-06 17:41:02.116 INFO  thu.declan.xi.server.task.SalaryTask - Generate for resume 68
2018-06-06 17:41:02.118 INFO  thu.declan.xi.server.task.SalaryTask - Generate for resume 67
2018-06-06 17:41:02.121 INFO  thu.declan.xi.server.task.SalaryTask - Generate for resume 64
2018-06-06 17:41:02.123 INFO  thu.declan.xi.server.task.SalaryTask - Generate for resume 58
2018-06-06 17:41:02.127 INFO  thu.declan.xi.server.task.SalaryTask - Generate for resume 57
2018-06-06 17:41:02.129 INFO  thu.declan.xi.server.task.SalaryTask - Generate for resume 56
2018-06-06 17:41:02.131 INFO  thu.declan.xi.server.task.SalaryTask - Generate for resume 55
2018-06-06 17:41:02.133 INFO  thu.declan.xi.server.task.SalaryTask - Generate for resume 54
2018-06-06 17:41:02.135 INFO  thu.declan.xi.server.task.SalaryTask - Generate for resume 53
2018-06-06 17:41:02.137 INFO  thu.declan.xi.server.task.SalaryTask - Generate for resume 52
2018-06-06 17:41:02.139 INFO  thu.declan.xi.server.task.SalaryTask - Generate for resume 51
2018-06-06 17:41:02.141 INFO  thu.declan.xi.server.task.SalaryTask - Generate for resume 50
2018-06-06 17:41:02.142 INFO  thu.declan.xi.server.task.SalaryTask - Generate for resume 48
2018-06-06 17:41:02.144 INFO  thu.declan.xi.server.task.SalaryTask - Generate for resume 47
2018-06-06 17:41:02.146 INFO  thu.declan.xi.server.task.SalaryTask - Generate for resume 44
2018-06-06 17:41:02.148 INFO  thu.declan.xi.server.task.SalaryTask - Generate for resume 43
2018-06-06 17:41:02.149 INFO  thu.declan.xi.server.task.SalaryTask - Generate for resume 40
2018-06-06 17:41:02.151 INFO  thu.declan.xi.server.task.SalaryTask - Generate for resume 30
2018-06-06 17:41:02.154 INFO  thu.declan.xi.server.task.SalaryTask - Generate for resume 14
2018-06-06 17:41:02.156 INFO  thu.declan.xi.server.task.SalaryTask - Generate for resume 9
2018-06-06 17:41:02.158 INFO  thu.declan.xi.server.task.SalaryTask - Generate for resume 7
2018-06-06 17:41:02.160 INFO  thu.declan.xi.server.task.SalaryTask - ******************************** Finish Generate Salaries ********************************
2018-06-06 17:41:02.247 INFO  thu.declan.xi.server.task.SalaryTask - ******************************** Start Auto Confirm Salaries ********************************
2018-06-06 17:41:02.259 INFO  thu.declan.xi.server.task.SalaryTask - ******************************** Finish Auto Confirm Salaries ********************************
2018-06-06 17:41:02.269 INFO  com.alibaba.druid.pool.DruidDataSource - {dataSource-1} closed
2018-06-06 17:46:32.079 INFO  com.alibaba.druid.pool.DruidDataSource - {dataSource-1} inited
2018-06-06 17:46:34.631 INFO  thu.declan.xi.server.task.SalaryTask - ******************************** Start Generate Salaries ********************************
2018-06-06 17:46:34.632 INFO  thu.declan.xi.server.task.SalaryTask - For working resumes
2018-06-06 17:46:34.974 INFO  thu.declan.xi.server.task.SalaryTask - Generate for resume 187
2018-06-06 17:46:34.999 INFO  thu.declan.xi.server.task.SalaryTask - Generate for resume 186
2018-06-06 17:46:35.002 INFO  thu.declan.xi.server.task.SalaryTask - Generate for resume 184
2018-06-06 17:46:35.003 INFO  thu.declan.xi.server.task.SalaryTask - Generate for resume 180
2018-06-06 17:46:35.005 INFO  thu.declan.xi.server.task.SalaryTask - Generate for resume 178
2018-06-06 17:46:35.007 INFO  thu.declan.xi.server.task.SalaryTask - Generate for resume 177
2018-06-06 17:46:35.009 INFO  thu.declan.xi.server.task.SalaryTask - Generate for resume 174
2018-06-06 17:46:35.012 INFO  thu.declan.xi.server.task.SalaryTask - Generate for resume 173
2018-06-06 17:46:35.014 INFO  thu.declan.xi.server.task.SalaryTask - Generate for resume 170
2018-06-06 17:46:35.015 INFO  thu.declan.xi.server.task.SalaryTask - Generate for resume 166
2018-06-06 17:46:35.017 INFO  thu.declan.xi.server.task.SalaryTask - Generate for resume 157
2018-06-06 17:46:35.019 INFO  thu.declan.xi.server.task.SalaryTask - Generate for resume 155
2018-06-06 17:46:35.022 INFO  thu.declan.xi.server.task.SalaryTask - Generate for resume 106
2018-06-06 17:46:35.024 INFO  thu.declan.xi.server.task.SalaryTask - Generate for resume 88
2018-06-06 17:46:35.025 INFO  thu.declan.xi.server.task.SalaryTask - Generate for resume 82
2018-06-06 17:46:35.029 INFO  thu.declan.xi.server.task.SalaryTask - Generate for resume 80
2018-06-06 17:46:35.034 INFO  thu.declan.xi.server.task.SalaryTask - Generate for resume 79
2018-06-06 17:46:35.035 INFO  thu.declan.xi.server.task.SalaryTask - Generate for resume 77
2018-06-06 17:46:35.037 INFO  thu.declan.xi.server.task.SalaryTask - Generate for resume 76
2018-06-06 17:46:35.039 INFO  thu.declan.xi.server.task.SalaryTask - Generate for resume 71
2018-06-06 17:46:35.041 INFO  thu.declan.xi.server.task.SalaryTask - Generate for resume 70
2018-06-06 17:46:35.043 INFO  thu.declan.xi.server.task.SalaryTask - Generate for resume 68
2018-06-06 17:46:35.045 INFO  thu.declan.xi.server.task.SalaryTask - Generate for resume 67
2018-06-06 17:46:35.048 INFO  thu.declan.xi.server.task.SalaryTask - Generate for resume 64
2018-06-06 17:46:35.050 INFO  thu.declan.xi.server.task.SalaryTask - Generate for resume 58
2018-06-06 17:46:35.055 INFO  thu.declan.xi.server.task.SalaryTask - Generate for resume 57
2018-06-06 17:46:35.058 INFO  thu.declan.xi.server.task.SalaryTask - Generate for resume 56
2018-06-06 17:46:35.059 INFO  thu.declan.xi.server.task.SalaryTask - Generate for resume 55
2018-06-06 17:46:35.061 INFO  thu.declan.xi.server.task.SalaryTask - Generate for resume 54
2018-06-06 17:46:35.063 INFO  thu.declan.xi.server.task.SalaryTask - Generate for resume 53
2018-06-06 17:46:35.064 INFO  thu.declan.xi.server.task.SalaryTask - Generate for resume 52
2018-06-06 17:46:35.066 INFO  thu.declan.xi.server.task.SalaryTask - Generate for resume 51
2018-06-06 17:46:35.068 INFO  thu.declan.xi.server.task.SalaryTask - Generate for resume 50
2018-06-06 17:46:35.070 INFO  thu.declan.xi.server.task.SalaryTask - Generate for resume 48
2018-06-06 17:46:35.072 INFO  thu.declan.xi.server.task.SalaryTask - Generate for resume 47
2018-06-06 17:46:35.074 INFO  thu.declan.xi.server.task.SalaryTask - Generate for resume 44
2018-06-06 17:46:35.076 INFO  thu.declan.xi.server.task.SalaryTask - Generate for resume 43
2018-06-06 17:46:35.078 INFO  thu.declan.xi.server.task.SalaryTask - Generate for resume 40
2018-06-06 17:46:35.080 INFO  thu.declan.xi.server.task.SalaryTask - Generate for resume 30
2018-06-06 17:46:35.082 INFO  thu.declan.xi.server.task.SalaryTask - Generate for resume 14
2018-06-06 17:46:35.083 INFO  thu.declan.xi.server.task.SalaryTask - Generate for resume 9
2018-06-06 17:46:35.085 INFO  thu.declan.xi.server.task.SalaryTask - Generate for resume 7
2018-06-06 17:46:35.087 INFO  thu.declan.xi.server.task.SalaryTask - ******************************** Finish Generate Salaries ********************************
2018-06-06 17:46:35.132 INFO  thu.declan.xi.server.task.SalaryTask - ******************************** Start Auto Confirm Salaries ********************************
2018-06-06 17:46:35.143 INFO  thu.declan.xi.server.task.SalaryTask - ******************************** Finish Auto Confirm Salaries ********************************
2018-06-06 17:46:35.158 INFO  com.alibaba.druid.pool.DruidDataSource - {dataSource-1} closed
2018-06-06 17:49:44.220 INFO  com.alibaba.druid.pool.DruidDataSource - {dataSource-1} inited
2018-06-06 17:49:46.615 INFO  thu.declan.xi.server.task.SalaryTask - ******************************** Start Generate Salaries ********************************
2018-06-06 17:49:46.615 INFO  thu.declan.xi.server.task.SalaryTask - For working resumes
2018-06-06 17:49:46.909 INFO  thu.declan.xi.server.task.SalaryTask - Generate for resume 187
2018-06-06 17:49:46.916 INFO  thu.declan.xi.server.task.SalaryTask - Generate for resume 186
2018-06-06 17:49:46.918 INFO  thu.declan.xi.server.task.SalaryTask - Generate for resume 184
2018-06-06 17:49:46.920 INFO  thu.declan.xi.server.task.SalaryTask - Generate for resume 180
2018-06-06 17:49:46.922 INFO  thu.declan.xi.server.task.SalaryTask - Generate for resume 178
2018-06-06 17:49:46.923 INFO  thu.declan.xi.server.task.SalaryTask - Generate for resume 177
2018-06-06 17:49:46.925 INFO  thu.declan.xi.server.task.SalaryTask - Generate for resume 174
2018-06-06 17:49:46.928 INFO  thu.declan.xi.server.task.SalaryTask - Generate for resume 173
2018-06-06 17:49:46.929 INFO  thu.declan.xi.server.task.SalaryTask - Generate for resume 170
2018-06-06 17:49:46.931 INFO  thu.declan.xi.server.task.SalaryTask - Generate for resume 166
2018-06-06 17:49:46.933 INFO  thu.declan.xi.server.task.SalaryTask - Generate for resume 157
2018-06-06 17:49:46.935 INFO  thu.declan.xi.server.task.SalaryTask - Generate for resume 155
2018-06-06 17:49:46.937 INFO  thu.declan.xi.server.task.SalaryTask - Generate for resume 106
2018-06-06 17:49:46.940 INFO  thu.declan.xi.server.task.SalaryTask - Generate for resume 88
2018-06-06 17:49:46.941 INFO  thu.declan.xi.server.task.SalaryTask - Generate for resume 82
2018-06-06 17:49:46.944 INFO  thu.declan.xi.server.task.SalaryTask - Generate for resume 80
2018-06-06 17:49:46.947 INFO  thu.declan.xi.server.task.SalaryTask - Generate for resume 79
2018-06-06 17:49:46.949 INFO  thu.declan.xi.server.task.SalaryTask - Generate for resume 77
2018-06-06 17:49:46.951 INFO  thu.declan.xi.server.task.SalaryTask - Generate for resume 76
2018-06-06 17:49:46.952 INFO  thu.declan.xi.server.task.SalaryTask - Generate for resume 71
2018-06-06 17:49:46.954 INFO  thu.declan.xi.server.task.SalaryTask - Generate for resume 70
2018-06-06 17:49:46.956 INFO  thu.declan.xi.server.task.SalaryTask - Generate for resume 68
2018-06-06 17:49:46.958 INFO  thu.declan.xi.server.task.SalaryTask - Generate for resume 67
2018-06-06 17:49:46.960 INFO  thu.declan.xi.server.task.SalaryTask - Generate for resume 64
2018-06-06 17:49:46.962 INFO  thu.declan.xi.server.task.SalaryTask - Generate for resume 58
2018-06-06 17:49:46.968 INFO  thu.declan.xi.server.task.SalaryTask - Generate for resume 57
2018-06-06 17:49:46.969 INFO  thu.declan.xi.server.task.SalaryTask - Generate for resume 56
2018-06-06 17:49:46.971 INFO  thu.declan.xi.server.task.SalaryTask - Generate for resume 55
2018-06-06 17:49:46.973 INFO  thu.declan.xi.server.task.SalaryTask - Generate for resume 54
2018-06-06 17:49:46.975 INFO  thu.declan.xi.server.task.SalaryTask - Generate for resume 53
2018-06-06 17:49:46.976 INFO  thu.declan.xi.server.task.SalaryTask - Generate for resume 52
2018-06-06 17:49:46.978 INFO  thu.declan.xi.server.task.SalaryTask - Generate for resume 51
2018-06-06 17:49:46.980 INFO  thu.declan.xi.server.task.SalaryTask - Generate for resume 50
2018-06-06 17:49:46.981 INFO  thu.declan.xi.server.task.SalaryTask - Generate for resume 48
2018-06-06 17:49:46.983 INFO  thu.declan.xi.server.task.SalaryTask - Generate for resume 47
2018-06-06 17:49:46.985 INFO  thu.declan.xi.server.task.SalaryTask - Generate for resume 44
2018-06-06 17:49:46.987 INFO  thu.declan.xi.server.task.SalaryTask - Generate for resume 43
2018-06-06 17:49:46.988 INFO  thu.declan.xi.server.task.SalaryTask - Generate for resume 40
2018-06-06 17:49:46.990 INFO  thu.declan.xi.server.task.SalaryTask - Generate for resume 30
2018-06-06 17:49:46.991 INFO  thu.declan.xi.server.task.SalaryTask - Generate for resume 14
2018-06-06 17:49:46.993 INFO  thu.declan.xi.server.task.SalaryTask - Generate for resume 9
2018-06-06 17:49:46.995 INFO  thu.declan.xi.server.task.SalaryTask - Generate for resume 7
2018-06-06 17:49:46.997 INFO  thu.declan.xi.server.task.SalaryTask - ******************************** Finish Generate Salaries ********************************
2018-06-06 17:49:47.069 INFO  thu.declan.xi.server.task.SalaryTask - ******************************** Start Auto Confirm Salaries ********************************
2018-06-06 17:49:47.079 INFO  thu.declan.xi.server.task.SalaryTask - ******************************** Finish Auto Confirm Salaries ********************************
2018-06-06 17:49:47.090 INFO  com.alibaba.druid.pool.DruidDataSource - {dataSource-1} closed
